{
"contracts/Greeter.sol":{"l":{"11":3,"12":3,"16":2,"20":1,"21":1},"path":"/home/balajishettypachai/Desktop/github.com/ico-contracts/contracts/Greeter.sol","s":{"1":3,"2":3,"3":2,"4":1,"5":1},"b":{},"f":{"1":3,"2":2,"3":1},"fnMap":{"1":{"name":"constructor","line":10,"loc":{"start":{"line":10,"column":2},"end":{"line":13,"column":2}}},"2":{"name":"greet","line":15,"loc":{"start":{"line":15,"column":2},"end":{"line":17,"column":2}}},"3":{"name":"setGreeting","line":19,"loc":{"start":{"line":19,"column":2},"end":{"line":22,"column":2}}}},"statementMap":{"1":{"start":{"line":11,"column":4},"end":{"line":11,"column":63}},"2":{"start":{"line":12,"column":4},"end":{"line":12,"column":23}},"3":{"start":{"line":16,"column":4},"end":{"line":16,"column":19}},"4":{"start":{"line":20,"column":4},"end":{"line":20,"column":74}},"5":{"start":{"line":21,"column":4},"end":{"line":21,"column":23}}},"branchMap":{}}}
